# JRE version: Java(TM) SE Runtime Environment 18.9 (11.0.10+8) (build 11.0.10+8-LTS-162)
# Java VM: Java HotSpot(TM) 64-Bit Server VM 18.9 (11.0.10+8-LTS-162, mixed mode, tiered, compressed oops, g1 gc, windows-amd64)
Heap:
 garbage-first heap   total 262144K, used 182806K [0x00000000e0000000, 0x0000000100000000)
  region size 1024K, 11 young (11264K), 5 survivors (5120K)
 Metaspace       used 79967K, capacity 81853K, committed 82076K, reserved 327680K
  class space    used 9504K, capacity 10225K, committed 10316K, reserved 253952K
GC Heap History (10 events):
Event: 343.843 GC heap before
{Heap before GC invocations=66 (full 0):
 garbage-first heap   total 262144K, used 215040K [0x00000000e0000000, 0x0000000100000000)
  region size 1024K, 27 young (27648K), 5 survivors (5120K)
 Metaspace       used 75963K, capacity 77696K, committed 78236K, reserved 323584K
  class space    used 9060K, capacity 9687K, committed 9804K, reserved 253952K
}
Event: 343.864 GC heap after
{Heap after GC invocations=67 (full 0):
 garbage-first heap   total 262144K, used 195584K [0x00000000e0000000, 0x0000000100000000)
  region size 1024K, 1 young (1024K), 1 survivors (1024K)
 Metaspace       used 75963K, capacity 77696K, committed 78236K, reserved 323584K
  class space    used 9060K, capacity 9687K, committed 9804K, reserved 253952K
}
Event: 374.637 GC heap before
{Heap before GC invocations=68 (full 0):
 garbage-first heap   total 262144K, used 221184K [0x00000000e0000000, 0x0000000100000000)
  region size 1024K, 27 young (27648K), 1 survivors (1024K)
 Metaspace       used 77362K, capacity 79092K, committed 79388K, reserved 323584K
  class space    used 9220K, capacity 9853K, committed 9932K, reserved 253952K
}
Event: 374.645 GC heap after
{Heap after GC invocations=69 (full 0):
 garbage-first heap   total 262144K, used 195669K [0x00000000e0000000, 0x0000000100000000)
  region size 1024K, 2 young (2048K), 2 survivors (2048K)
 Metaspace       used 77362K, capacity 79092K, committed 79388K, reserved 323584K
  class space    used 9220K, capacity 9853K, committed 9932K, reserved 253952K
}
Event: 864.623 GC heap before
{Heap before GC invocations=69 (full 0):
 garbage-first heap   total 262144K, used 205909K [0x00000000e0000000, 0x0000000100000000)
  region size 1024K, 12 young (12288K), 2 survivors (2048K)
 Metaspace       used 77397K, capacity 79157K, committed 79388K, reserved 323584K
  class space    used 9220K, capacity 9853K, committed 9932K, reserved 253952K
}
Event: 864.647 GC heap after
{Heap after GC invocations=70 (full 0):
 garbage-first heap   total 262144K, used 175584K [0x00000000e0000000, 0x0000000100000000)
  region size 1024K, 1 young (1024K), 1 survivors (1024K)
 Metaspace       used 77397K, capacity 79157K, committed 79388K, reserved 323584K
  class space    used 9220K, capacity 9853K, committed 9932K, reserved 253952K
}
Event: 1141.009 GC heap before
{Heap before GC invocations=70 (full 0):
 garbage-first heap   total 262144K, used 186848K [0x00000000e0000000, 0x0000000100000000)
  region size 1024K, 12 young (12288K), 1 survivors (1024K)
 Metaspace       used 77615K, capacity 79357K, committed 79644K, reserved 325632K
  class space    used 9230K, capacity 9866K, committed 9932K, reserved 253952K
}
Event: 1141.037 GC heap after
{Heap after GC invocations=71 (full 0):
 garbage-first heap   total 262144K, used 174717K [0x00000000e0000000, 0x0000000100000000)
  region size 1024K, 2 young (2048K), 2 survivors (2048K)
 Metaspace       used 77615K, capacity 79357K, committed 79644K, reserved 325632K
  class space    used 9230K, capacity 9866K, committed 9932K, reserved 253952K
}
Event: 1144.403 GC heap before
{Heap before GC invocations=71 (full 0):
 garbage-first heap   total 262144K, used 212605K [0x00000000e0000000, 0x0000000100000000)
  region size 1024K, 39 young (39936K), 2 survivors (2048K)
 Metaspace       used 79952K, capacity 81852K, committed 82076K, reserved 327680K
  class space    used 9504K, capacity 10225K, committed 10316K, reserved 253952K
}
Event: 1144.417 GC heap after
{Heap after GC invocations=72 (full 0):
 garbage-first heap   total 262144K, used 177686K [0x00000000e0000000, 0x0000000100000000)
  region size 1024K, 5 young (5120K), 5 survivors (5120K)
 Metaspace       used 79952K, capacity 81852K, committed 82076K, reserved 327680K
  class space    used 9504K, capacity 10225K, committed 10316K, reserved 253952K
}

